  [4;36;1mSQL (0.2ms)[0m   [0;1mSET client_min_messages TO 'panic'[0m
  [4;35;1mSQL (0.1ms)[0m   [0mSET client_min_messages TO 'notice'[0m
  [4;36;1mSQL (13.6ms)[0m   [0;1mCREATE TABLE "schema_migrations" ("version" character varying(255) NOT NULL) [0m
  [4;35;1mSQL (58.2ms)[0m   [0mCREATE UNIQUE INDEX "unique_schema_migrations" ON "schema_migrations" ("version")[0m
  [4;36;1mSQL (0.4ms)[0m   [0;1mSELECT version FROM schema_migrations[0m
  [4;36;1mSQL (0.2ms)[0m   [0;1mSET client_min_messages TO 'panic'[0m
  [4;35;1mSQL (0.2ms)[0m   [0mSET client_min_messages TO 'notice'[0m
  [4;36;1mSQL (0.5ms)[0m   [0;1mSELECT version FROM schema_migrations[0m
Migrating to CreateProducts (20100911013827)
  [4;35;1mSQL (0.2ms)[0m   [0mBEGIN[0m
  [4;36;1mSQL (327.6ms)[0m   [0;1mCREATE TABLE "products" ("id" serial primary key, "title" character varying(255), "description" text, "image_url" character varying(255), "created_at" timestamp, "updated_at" timestamp) [0m
  [4;35;1mSQL (10.3ms)[0m   [0mINSERT INTO schema_migrations (version) VALUES ('20100911013827')[0m
  [4;36;1mSQL (72.1ms)[0m   [0;1mCOMMIT[0m
  [4;35;1mSQL (8.6ms)[0m   [0mSELECT version FROM schema_migrations[0m
  [4;36;1mSQL (0.2ms)[0m   [0;1mSET client_min_messages TO 'panic'[0m
  [4;35;1mSQL (0.1ms)[0m   [0mSET client_min_messages TO 'notice'[0m


Processing ProductsController#index (for 127.0.0.1 at 2010-09-10 21:42:19) [GET]
  [4;36;1mProduct Load (1.2ms)[0m   [0;1mSELECT * FROM "products" [0m
Rendering template within layouts/products
Rendering products/index
Completed in 79ms (View: 70, DB: 1) | 200 OK [http://localhost/products]
  [4;35;1mSQL (0.2ms)[0m   [0mSET client_min_messages TO 'panic'[0m
  [4;36;1mSQL (0.1ms)[0m   [0;1mSET client_min_messages TO 'notice'[0m


Processing ProductsController#new (for 127.0.0.1 at 2010-09-10 21:42:24) [GET]
Rendering template within layouts/products
Rendering products/new
Completed in 20ms (View: 11, DB: 0) | 200 OK [http://localhost/products/new]
  [4;35;1mSQL (0.2ms)[0m   [0mSET client_min_messages TO 'panic'[0m
  [4;36;1mSQL (0.1ms)[0m   [0;1mSET client_min_messages TO 'notice'[0m


Processing ProductsController#create (for 127.0.0.1 at 2010-09-10 21:43:42) [POST]
  Parameters: {"commit"=>"Create", "authenticity_token"=>"NsMUr2frp/bQJMjZXQtCEupnFUIUiv8UmlnTjlJHj/M=", "product"=>{"image_url"=>"/images/svn.jpg", "title"=>"Pragmatic Version Control", "description"=>"<p>\r\nThis book is a recipe-based approach to using Subversion that will get you up and running quickly---and correctly.  All projects need version control: it's a foundational piece of any projects"}}
  [4;35;1mSQL (0.2ms)[0m   [0mBEGIN[0m
  [4;36;1mSQL (1.9ms)[0m   [0;1mINSERT INTO "products" ("created_at", "title", "image_url", "updated_at", "description") VALUES('2010-09-11 01:43:42.135004', E'Pragmatic Version Control', E'/images/svn.jpg', '2010-09-11 01:43:42.135004', E'<p>
This book is a recipe-based approach to using Subversion that will get you up and running quickly---and correctly. All projects need version control: it''s a foundational piece of any projects') RETURNING "id"[0m
  [4;35;1mSQL (14.7ms)[0m   [0mCOMMIT[0m
Redirected to http://localhost:3000/products/1
Completed in 34ms (DB: 17) | 302 Found [http://localhost/products]
  [4;36;1mSQL (0.2ms)[0m   [0;1mSET client_min_messages TO 'panic'[0m
  [4;35;1mSQL (0.1ms)[0m   [0mSET client_min_messages TO 'notice'[0m


Processing ProductsController#show (for 127.0.0.1 at 2010-09-10 21:43:42) [GET]
  Parameters: {"id"=>"1"}
  [4;36;1mProduct Load (0.7ms)[0m   [0;1mSELECT * FROM "products" WHERE ("products"."id" = 1) [0m
Rendering template within layouts/products
Rendering products/show
Completed in 18ms (View: 8, DB: 1) | 200 OK [http://localhost/products/1]
  [4;35;1mSQL (0.2ms)[0m   [0mSET client_min_messages TO 'panic'[0m
  [4;36;1mSQL (0.1ms)[0m   [0;1mSET client_min_messages TO 'notice'[0m


Processing ProductsController#index (for 127.0.0.1 at 2010-09-10 21:43:46) [GET]
  [4;35;1mProduct Load (1.2ms)[0m   [0mSELECT * FROM "products" [0m
Rendering template within layouts/products
Rendering products/index
Completed in 66ms (View: 11, DB: 2) | 200 OK [http://localhost/products]
  [4;36;1mSQL (0.2ms)[0m   [0;1mSET client_min_messages TO 'panic'[0m
  [4;35;1mSQL (0.1ms)[0m   [0mSET client_min_messages TO 'notice'[0m
  [4;36;1mSQL (0.5ms)[0m   [0;1mSELECT version FROM schema_migrations[0m
Migrating to CreateProducts (20100911013827)
Migrating to AddPriceToProduct (20100911014506)
  [4;35;1mSQL (0.2ms)[0m   [0mBEGIN[0m
  [4;36;1mSQL (1.0ms)[0m   [0;1mALTER TABLE "products" ADD COLUMN "price" decimal(8,2)[0m
  [4;35;1mSQL (52.9ms)[0m   [0mALTER TABLE "products" ALTER COLUMN "price" SET DEFAULT 0[0m
  [4;36;1mSQL (0.3ms)[0m   [0;1mINSERT INTO schema_migrations (version) VALUES ('20100911014506')[0m
  [4;35;1mSQL (17.0ms)[0m   [0mCOMMIT[0m
  [4;36;1mSQL (0.2ms)[0m   [0;1mSELECT version FROM schema_migrations[0m
  [4;36;1mSQL (0.2ms)[0m   [0;1mSET client_min_messages TO 'panic'[0m
  [4;35;1mSQL (0.1ms)[0m   [0mSET client_min_messages TO 'notice'[0m


Processing ProductsController#index (for 127.0.0.1 at 2010-09-10 21:55:16) [GET]
  [4;36;1mProduct Load (1.3ms)[0m   [0;1mSELECT * FROM "products" [0m
Rendering template within layouts/products
Rendering products/index
Completed in 23ms (View: 15, DB: 2) | 200 OK [http://localhost/products]
  [4;35;1mSQL (0.2ms)[0m   [0mSET client_min_messages TO 'panic'[0m
  [4;36;1mSQL (0.1ms)[0m   [0;1mSET client_min_messages TO 'notice'[0m


Processing ProductsController#show (for 127.0.0.1 at 2010-09-10 21:55:24) [GET]
  Parameters: {"id"=>"1"}
  [4;35;1mProduct Load (0.7ms)[0m   [0mSELECT * FROM "products" WHERE ("products"."id" = 1) [0m
Rendering template within layouts/products
Rendering products/show
Completed in 18ms (View: 7, DB: 1) | 200 OK [http://localhost/products/1]
  [4;36;1mSQL (0.3ms)[0m   [0;1mSET client_min_messages TO 'panic'[0m
  [4;35;1mSQL (0.1ms)[0m   [0mSET client_min_messages TO 'notice'[0m


Processing ProductsController#index (for 127.0.0.1 at 2010-09-10 21:55:26) [GET]
  [4;36;1mProduct Load (1.5ms)[0m   [0;1mSELECT * FROM "products" [0m
Rendering template within layouts/products
Rendering products/index
Completed in 19ms (View: 11, DB: 2) | 200 OK [http://localhost/products]
  [4;35;1mSQL (0.2ms)[0m   [0mSET client_min_messages TO 'panic'[0m
  [4;36;1mSQL (0.1ms)[0m   [0;1mSET client_min_messages TO 'notice'[0m


Processing ProductsController#show (for 127.0.0.1 at 2010-09-10 21:55:27) [GET]
  Parameters: {"id"=>"1"}
  [4;35;1mProduct Load (0.7ms)[0m   [0mSELECT * FROM "products" WHERE ("products"."id" = 1) [0m
Rendering template within layouts/products
Rendering products/show
Completed in 14ms (View: 3, DB: 1) | 200 OK [http://localhost/products/1]
  [4;36;1mSQL (0.2ms)[0m   [0;1mSET client_min_messages TO 'panic'[0m
  [4;35;1mSQL (0.2ms)[0m   [0mSET client_min_messages TO 'notice'[0m


Processing ProductsController#index (for 127.0.0.1 at 2010-09-10 21:55:29) [GET]
  [4;36;1mProduct Load (1.2ms)[0m   [0;1mSELECT * FROM "products" [0m
Rendering template within layouts/products
Rendering products/index
Completed in 18ms (View: 11, DB: 2) | 200 OK [http://localhost/products]
  [4;35;1mSQL (0.2ms)[0m   [0mSET client_min_messages TO 'panic'[0m
  [4;36;1mSQL (0.1ms)[0m   [0;1mSET client_min_messages TO 'notice'[0m


Processing ProductsController#edit (for 127.0.0.1 at 2010-09-10 21:55:30) [GET]
  Parameters: {"id"=>"1"}
  [4;35;1mProduct Load (0.8ms)[0m   [0mSELECT * FROM "products" WHERE ("products"."id" = 1) [0m
Rendering template within layouts/products
Rendering products/edit
Completed in 74ms (View: 64, DB: 1) | 200 OK [http://localhost/products/1/edit]
  [4;36;1mSQL (0.2ms)[0m   [0;1mSET client_min_messages TO 'panic'[0m
  [4;35;1mSQL (0.1ms)[0m   [0mSET client_min_messages TO 'notice'[0m


Processing ProductsController#index (for 127.0.0.1 at 2010-09-10 21:55:33) [GET]
  [4;36;1mProduct Load (1.3ms)[0m   [0;1mSELECT * FROM "products" [0m
Rendering template within layouts/products
Rendering products/index
Completed in 18ms (View: 10, DB: 2) | 200 OK [http://localhost/products]
  [4;35;1mSQL (0.2ms)[0m   [0mSET client_min_messages TO 'panic'[0m
  [4;36;1mSQL (0.1ms)[0m   [0;1mSET client_min_messages TO 'notice'[0m


Processing ProductsController#index (for 127.0.0.1 at 2010-09-10 21:58:08) [GET]
  [4;35;1mProduct Load (1.2ms)[0m   [0mSELECT * FROM "products" [0m
Rendering template within layouts/products
Rendering products/index
Completed in 17ms (View: 10, DB: 2) | 200 OK [http://localhost/products]
  [4;36;1mSQL (0.2ms)[0m   [0;1mSET client_min_messages TO 'panic'[0m
  [4;35;1mSQL (0.1ms)[0m   [0mSET client_min_messages TO 'notice'[0m


Processing ProductsController#index (for 127.0.0.1 at 2010-09-10 21:58:13) [GET]
  [4;36;1mProduct Load (1.2ms)[0m   [0;1mSELECT * FROM "products" [0m
Rendering template within layouts/products
Rendering products/index
Completed in 17ms (View: 10, DB: 2) | 200 OK [http://localhost/products]
  [4;35;1mSQL (0.2ms)[0m   [0mSET client_min_messages TO 'panic'[0m
  [4;36;1mSQL (0.1ms)[0m   [0;1mSET client_min_messages TO 'notice'[0m


Processing ProductsController#show (for 127.0.0.1 at 2010-09-10 21:58:34) [GET]
  Parameters: {"id"=>"1"}
  [4;35;1mProduct Load (0.7ms)[0m   [0mSELECT * FROM "products" WHERE ("products"."id" = 1) [0m
Rendering template within layouts/products
Rendering products/show
Completed in 18ms (View: 7, DB: 1) | 200 OK [http://localhost/products/1]
  [4;36;1mSQL (0.2ms)[0m   [0;1mSET client_min_messages TO 'panic'[0m
  [4;35;1mSQL (0.1ms)[0m   [0mSET client_min_messages TO 'notice'[0m


Processing ProductsController#show (for 127.0.0.1 at 2010-09-10 22:02:27) [GET]
  Parameters: {"id"=>"1"}
  [4;36;1mProduct Load (0.7ms)[0m   [0;1mSELECT * FROM "products" WHERE ("products"."id" = 1) [0m
Rendering template within layouts/products
Rendering products/show
Completed in 14ms (View: 3, DB: 1) | 200 OK [http://localhost/products/1]
  [4;35;1mSQL (0.2ms)[0m   [0mSET client_min_messages TO 'panic'[0m
  [4;36;1mSQL (0.1ms)[0m   [0;1mSET client_min_messages TO 'notice'[0m


Processing ProductsController#index (for 127.0.0.1 at 2010-09-10 22:02:29) [GET]
  [4;35;1mProduct Load (1.3ms)[0m   [0mSELECT * FROM "products" [0m
Rendering template within layouts/products
Rendering products/index
Completed in 17ms (View: 10, DB: 2) | 200 OK [http://localhost/products]
  [4;36;1mSQL (0.2ms)[0m   [0;1mSET client_min_messages TO 'panic'[0m
  [4;35;1mSQL (0.1ms)[0m   [0mSET client_min_messages TO 'notice'[0m


Processing ProductsController#new (for 127.0.0.1 at 2010-09-10 22:02:33) [GET]
Rendering template within layouts/products
Rendering products/new
Completed in 22ms (View: 12, DB: 0) | 200 OK [http://localhost/products/new]
  [4;36;1mSQL (0.2ms)[0m   [0;1mSET client_min_messages TO 'panic'[0m
  [4;35;1mSQL (0.1ms)[0m   [0mSET client_min_messages TO 'notice'[0m


Processing ProductsController#create (for 127.0.0.1 at 2010-09-10 22:02:35) [POST]
  Parameters: {"commit"=>"Create", "authenticity_token"=>"NsMUr2frp/bQJMjZXQtCEupnFUIUiv8UmlnTjlJHj/M=", "product"=>{"price"=>"0.0", "image_url"=>"", "title"=>"", "description"=>""}}
  [4;36;1mSQL (0.2ms)[0m   [0;1mBEGIN[0m
  [4;35;1mSQL (0.2ms)[0m   [0mROLLBACK[0m
Rendering template within layouts/products
Rendering products/new
Completed in 29ms (View: 16, DB: 1) | 200 OK [http://localhost/products]
  [4;36;1mSQL (0.2ms)[0m   [0;1mSET client_min_messages TO 'panic'[0m
  [4;35;1mSQL (0.1ms)[0m   [0mSET client_min_messages TO 'notice'[0m


Processing ProductsController#create (for 127.0.0.1 at 2010-09-10 22:03:34) [POST]
  Parameters: {"commit"=>"Create", "authenticity_token"=>"NsMUr2frp/bQJMjZXQtCEupnFUIUiv8UmlnTjlJHj/M=", "product"=>{"price"=>"blah", "image_url"=>"image here", "title"=>"blah", "description"=>"more blah"}}
  [4;36;1mSQL (0.2ms)[0m   [0;1mBEGIN[0m
  [4;35;1mSQL (0.2ms)[0m   [0mROLLBACK[0m
Rendering template within layouts/products
Rendering products/new
Completed in 24ms (View: 11, DB: 1) | 200 OK [http://localhost/products]
  [4;36;1mSQL (0.2ms)[0m   [0;1mSET client_min_messages TO 'panic'[0m
  [4;35;1mSQL (0.1ms)[0m   [0mSET client_min_messages TO 'notice'[0m
  [4;36;1mSQL (0.5ms)[0m   [0;1mSELECT version FROM schema_migrations[0m
Migrating to CreateProducts (20100911013827)
Migrating to AddPriceToProduct (20100911014506)
Migrating to AddTestData (20100911024602)
  [4;35;1mSQL (0.2ms)[0m   [0mBEGIN[0m
  [4;36;1mProduct Delete all (0.7ms)[0m   [0;1mDELETE FROM "products" [0m
  [4;35;1mProduct Load (0.9ms)[0m   [0mSELECT "products".id FROM "products" WHERE ("products"."title" = E'Pragmatic Project Automation') LIMIT 1[0m
  [4;36;1mSQL (0.7ms)[0m   [0;1mINSERT INTO "products" ("price", "created_at", "title", "image_url", "updated_at", "description") VALUES(29.95, '2010-09-11 03:13:45.985044', E'Pragmatic Project Automation', E'/images/auto.jpg', '2010-09-11 03:13:45.985044', E'<p>
 <em>Pragmatic Project Automation</em> shows you how to improve the 
 consistency and repeatability of your project''s procedures using 
 automation to reduce risk and errors.
 </p>
 <p>
 Simply put, we''re going to put this thing called a computer to work 
 for you doing the mundane (but important) project stuff. That means 
 you''ll have more time and energy to do the really 
 exciting---and difficult---stuff, like writing quality code.
 </p>') RETURNING "id"[0m
  [4;35;1mProduct Load (0.4ms)[0m   [0mSELECT "products".id FROM "products" WHERE ("products"."title" = E'Pragmatic Version Control') LIMIT 1[0m
  [4;36;1mSQL (0.4ms)[0m   [0;1mINSERT INTO "products" ("price", "created_at", "title", "image_url", "updated_at", "description") VALUES(28.5, '2010-09-11 03:13:45.992941', E'Pragmatic Version Control', E'/images/svn.jpg', '2010-09-11 03:13:45.992941', E'<p>
 This book is a recipe-based approach to using Subversion that will 
 get you up and running quickly---and correctly. All projects need
 version control: it''s a foundational piece of any project''s 
 infrastructure. Yet half of all project teams in the U.S. don''t use
 any version control at all. Many others don''t use it well, and end 
 up experiencing time-consuming problems.
 </p>') RETURNING "id"[0m
  [4;35;1mProduct Load (0.4ms)[0m   [0mSELECT "products".id FROM "products" WHERE ("products"."title" = E'Pragmatic Unit Testing (C#)') LIMIT 1[0m
  [4;36;1mSQL (0.5ms)[0m   [0;1mINSERT INTO "products" ("price", "created_at", "title", "image_url", "updated_at", "description") VALUES(27.75, '2010-09-11 03:13:45.998292', E'Pragmatic Unit Testing (C#)', E'/images/utc.jpg', '2010-09-11 03:13:45.998292', E'<p>
 Pragmatic programmers use feedback to drive their development and 
 personal processes. The most valuable feedback you can get while 
 coding comes from unit testing.
 </p>
 <p>
 Without good tests in place, coding can become a frustrating game of 
 "whack-a-mole." That''s the carnival game where the player strikes at a 
 mechanical mole; it retreats and another mole pops up on the opposite side 
 of the field. The moles pop up and down so fast that you end up flailing 
 your mallet helplessly as the moles continue to pop up where you least 
 expect them.
 </p>') RETURNING "id"[0m
  [4;35;1mSQL (0.3ms)[0m   [0mINSERT INTO schema_migrations (version) VALUES ('20100911024602')[0m
  [4;36;1mSQL (9.7ms)[0m   [0;1mCOMMIT[0m
  [4;35;1mSQL (0.3ms)[0m   [0mSELECT version FROM schema_migrations[0m
  [4;36;1mSQL (0.2ms)[0m   [0;1mSET client_min_messages TO 'panic'[0m
  [4;35;1mSQL (0.2ms)[0m   [0mSET client_min_messages TO 'notice'[0m
  [4;36;1mSQL (18.1ms)[0m   [0;1mSELECT version FROM schema_migrations[0m
Migrating to CreateProducts (20100911013827)
Migrating to AddPriceToProduct (20100911014506)
Migrating to AddTestData (20100911024602)
  [4;35;1mSQL (0.2ms)[0m   [0mSELECT version FROM schema_migrations[0m
  [4;36;1mSQL (0.3ms)[0m   [0;1mSET client_min_messages TO 'panic'[0m
  [4;35;1mSQL (0.2ms)[0m   [0mSET client_min_messages TO 'notice'[0m


Processing ProductsController#index (for 127.0.0.1 at 2010-09-28 22:15:34) [GET]
  [4;36;1mProduct Load (35.2ms)[0m   [0;1mSELECT * FROM "products" [0m
Rendering template within layouts/products
Rendering products/index
Completed in 304ms (View: 234, DB: 36) | 200 OK [http://localhost/products]
  [4;35;1mSQL (0.2ms)[0m   [0mSET client_min_messages TO 'panic'[0m
  [4;36;1mSQL (0.1ms)[0m   [0;1mSET client_min_messages TO 'notice'[0m


Processing ProductsController#index (for 127.0.0.1 at 2010-09-28 23:16:12) [GET]
  [4;35;1mProduct Load (1.4ms)[0m   [0mSELECT * FROM "products" [0m
Rendering template within layouts/products
Rendering products/index
Completed in 33ms (View: 25, DB: 2) | 200 OK [http://localhost/products]
  [4;36;1mSQL (0.2ms)[0m   [0;1mSET client_min_messages TO 'panic'[0m
  [4;35;1mSQL (0.2ms)[0m   [0mSET client_min_messages TO 'notice'[0m


Processing StoreController#index (for 127.0.0.1 at 2010-09-29 22:56:46) [GET]
Rendering store/index
Completed in 35ms (View: 32, DB: 0) | 200 OK [http://localhost/store]
  [4;36;1mSQL (0.2ms)[0m   [0;1mSET client_min_messages TO 'panic'[0m
  [4;35;1mSQL (0.1ms)[0m   [0mSET client_min_messages TO 'notice'[0m


Processing StoreController#index (for 127.0.0.1 at 2010-09-29 23:04:41) [GET]
  [4;36;1mProduct Load (50.6ms)[0m   [0;1mSELECT * FROM "products" ORDER BY title[0m
Rendering store/index
Completed in 231ms (View: 174, DB: 51) | 200 OK [http://localhost/store]
  [4;36;1mSQL (0.3ms)[0m   [0;1mSET client_min_messages TO 'panic'[0m
  [4;35;1mSQL (0.2ms)[0m   [0mSET client_min_messages TO 'notice'[0m


Processing StoreController#index (for 127.0.0.1 at 2010-10-01 21:56:57) [GET]
  [4;36;1mProduct Load (52.3ms)[0m   [0;1mSELECT * FROM "products" ORDER BY title[0m
Rendering template within layouts/store
Rendering store/index
Completed in 268ms (View: 209, DB: 53) | 200 OK [http://localhost/store]
  [4;35;1mSQL (0.2ms)[0m   [0mSET client_min_messages TO 'panic'[0m
  [4;36;1mSQL (0.1ms)[0m   [0;1mSET client_min_messages TO 'notice'[0m


Processing StoreController#index (for 127.0.0.1 at 2010-10-01 22:00:07) [GET]
  [4;35;1mProduct Load (2.0ms)[0m   [0mSELECT * FROM "products" ORDER BY title[0m
Rendering template within layouts/store
Rendering store/index
Completed in 15ms (View: 7, DB: 2) | 200 OK [http://localhost/store]
  [4;36;1mSQL (0.2ms)[0m   [0;1mSET client_min_messages TO 'panic'[0m
  [4;35;1mSQL (0.1ms)[0m   [0mSET client_min_messages TO 'notice'[0m


Processing StoreController#index (for 127.0.0.1 at 2010-10-01 22:05:15) [GET]
  [4;36;1mProduct Load (1.9ms)[0m   [0;1mSELECT * FROM "products" ORDER BY title[0m
Rendering template within layouts/store
Rendering store/index
Completed in 23ms (View: 15, DB: 2) | 200 OK [http://localhost/store]
  [4;35;1mSQL (0.2ms)[0m   [0mSET client_min_messages TO 'panic'[0m
  [4;36;1mSQL (0.1ms)[0m   [0;1mSET client_min_messages TO 'notice'[0m


Processing StoreController#index (for 127.0.0.1 at 2010-10-01 22:08:16) [GET]
  [4;35;1mProduct Load (2.0ms)[0m   [0mSELECT * FROM "products" ORDER BY title[0m
Rendering template within layouts/store
Rendering store/index
Completed in 48ms (View: 40, DB: 2) | 200 OK [http://localhost/store]
  [4;36;1mSQL (0.2ms)[0m   [0;1mSET client_min_messages TO 'panic'[0m
  [4;35;1mSQL (0.1ms)[0m   [0mSET client_min_messages TO 'notice'[0m


Processing StoreController#index (for 127.0.0.1 at 2010-10-01 22:09:41) [GET]
  [4;36;1mProduct Load (2.6ms)[0m   [0;1mSELECT * FROM "products" ORDER BY title[0m
Rendering template within layouts/store
Rendering store/index
Completed in 25ms (View: 17, DB: 3) | 200 OK [http://localhost/store]
  [4;36;1mSQL (0.2ms)[0m   [0;1mSET client_min_messages TO 'panic'[0m
  [4;35;1mSQL (0.1ms)[0m   [0mSET client_min_messages TO 'notice'[0m
  [4;36;1mSQL (0.2ms)[0m   [0;1mSET client_min_messages TO 'panic'[0m
  [4;35;1mSQL (0.2ms)[0m   [0mSET client_min_messages TO 'notice'[0m
  [4;36;1mSQL (18.0ms)[0m   [0;1mSELECT version FROM schema_migrations[0m
Migrating to CreateProducts (20100911013827)
Migrating to AddPriceToProduct (20100911014506)
Migrating to AddTestData (20100911024602)
Migrating to CreateSessions (20101007013050)
  [4;35;1mSQL (0.2ms)[0m   [0mBEGIN[0m
  [4;36;1mSQL (396.9ms)[0m   [0;1mCREATE TABLE "sessions" ("id" serial primary key, "session_id" character varying(255) NOT NULL, "data" text, "created_at" timestamp, "updated_at" timestamp) [0m
  [4;35;1mSQL (33.2ms)[0m   [0mCREATE INDEX "index_sessions_on_session_id" ON "sessions" ("session_id")[0m
  [4;36;1mSQL (33.4ms)[0m   [0;1mCREATE INDEX "index_sessions_on_updated_at" ON "sessions" ("updated_at")[0m
  [4;35;1mSQL (19.4ms)[0m   [0mINSERT INTO schema_migrations (version) VALUES ('20101007013050')[0m
  [4;36;1mSQL (15.0ms)[0m   [0;1mCOMMIT[0m
  [4;35;1mSQL (0.2ms)[0m   [0mSELECT version FROM schema_migrations[0m
  [4;36;1mSQL (0.2ms)[0m   [0;1mSET client_min_messages TO 'panic'[0m
  [4;35;1mSQL (0.1ms)[0m   [0mSET client_min_messages TO 'notice'[0m


Processing ProductsController#index (for 127.0.0.1 at 2010-10-06 21:50:32) [GET]
  [4;36;1mProduct Load (18.7ms)[0m   [0;1mSELECT * FROM "products" [0m
Rendering template within layouts/products
Rendering products/index
Completed in 204ms (View: 164, DB: 20) | 200 OK [http://localhost/products]
  [4;35;1mSQL (0.2ms)[0m   [0mSET client_min_messages TO 'panic'[0m
  [4;36;1mSQL (0.1ms)[0m   [0;1mSET client_min_messages TO 'notice'[0m


Processing StoreController#index (for 127.0.0.1 at 2010-10-06 21:50:39) [GET]
  [4;35;1mProduct Load (2.0ms)[0m   [0mSELECT * FROM "products" ORDER BY title[0m
Rendering template within layouts/store
Rendering store/index
Completed in 36ms (View: 26, DB: 3) | 200 OK [http://localhost/store]
  [4;36;1mSQL (0.2ms)[0m   [0;1mSET client_min_messages TO 'panic'[0m
  [4;35;1mSQL (0.1ms)[0m   [0mSET client_min_messages TO 'notice'[0m


Processing StoreController#add_to_cart (for 127.0.0.1 at 2010-10-06 21:50:42) [POST]
  Parameters: {"authenticity_token"=>"sUeMCRTPkC+V3OWr5PFs7COV0T/l0zDhyuEE5g1x98U=", "id"=>"2"}
  [4;36;1mProduct Load (16.1ms)[0m   [0;1mSELECT * FROM "products" WHERE ("products"."id" = 2) [0m

ActionView::MissingTemplate (Missing template store/add_to_cart.erb in view path app/views):
  /usr/lib/ruby/1.8/webrick/httpserver.rb:104:in `service'
  /usr/lib/ruby/1.8/webrick/httpserver.rb:65:in `run'
  /usr/lib/ruby/1.8/webrick/server.rb:173:in `start_thread'
  /usr/lib/ruby/1.8/webrick/server.rb:162:in `start'
  /usr/lib/ruby/1.8/webrick/server.rb:162:in `start_thread'
  /usr/lib/ruby/1.8/webrick/server.rb:95:in `start'
  /usr/lib/ruby/1.8/webrick/server.rb:92:in `each'
  /usr/lib/ruby/1.8/webrick/server.rb:92:in `start'
  /usr/lib/ruby/1.8/webrick/server.rb:23:in `start'
  /usr/lib/ruby/1.8/webrick/server.rb:82:in `start'

Rendering rescues/layout (internal_server_error)
  [4;35;1mSQL (0.2ms)[0m   [0mSET client_min_messages TO 'panic'[0m
  [4;36;1mSQL (0.1ms)[0m   [0;1mSET client_min_messages TO 'notice'[0m


Processing StoreController#add_to_cart (for 127.0.0.1 at 2010-10-06 21:53:38) [POST]
  Parameters: {"authenticity_token"=>"sUeMCRTPkC+V3OWr5PFs7COV0T/l0zDhyuEE5g1x98U=", "id"=>"2"}
  [4;35;1mProduct Load (0.7ms)[0m   [0mSELECT * FROM "products" WHERE ("products"."id" = 2) [0m
Rendering template within layouts/store
Rendering store/add_to_cart
Completed in 26ms (View: 9, DB: 4) | 200 OK [http://localhost/store/add_to_cart/2]
  [4;36;1mSQL (0.2ms)[0m   [0;1mSET client_min_messages TO 'panic'[0m
  [4;35;1mSQL (0.1ms)[0m   [0mSET client_min_messages TO 'notice'[0m


Processing StoreController#index (for 127.0.0.1 at 2010-10-06 21:54:03) [GET]
  [4;36;1mProduct Load (2.0ms)[0m   [0;1mSELECT * FROM "products" ORDER BY title[0m
Rendering template within layouts/store
Rendering store/index
Completed in 28ms (View: 18, DB: 4) | 200 OK [http://localhost/store/]
  [4;35;1mSQL (0.2ms)[0m   [0mSET client_min_messages TO 'panic'[0m
  [4;36;1mSQL (0.1ms)[0m   [0;1mSET client_min_messages TO 'notice'[0m


Processing StoreController#add_to_cart (for 127.0.0.1 at 2010-10-06 21:54:06) [POST]
  Parameters: {"authenticity_token"=>"sUeMCRTPkC+V3OWr5PFs7COV0T/l0zDhyuEE5g1x98U=", "id"=>"4"}
  [4;35;1mProduct Load (0.7ms)[0m   [0mSELECT * FROM "products" WHERE ("products"."id" = 4) [0m
Rendering template within layouts/store
Rendering store/add_to_cart
Completed in 20ms (View: 3, DB: 4) | 200 OK [http://localhost/store/add_to_cart/4]
  [4;36;1mSQL (0.2ms)[0m   [0;1mSET client_min_messages TO 'panic'[0m
  [4;35;1mSQL (0.1ms)[0m   [0mSET client_min_messages TO 'notice'[0m


Processing StoreController#add_to_cart (for 127.0.0.1 at 2010-10-06 21:55:35) [POST]
  Parameters: {"authenticity_token"=>"sUeMCRTPkC+V3OWr5PFs7COV0T/l0zDhyuEE5g1x98U=", "id"=>"4"}
  [4;36;1mProduct Load (0.8ms)[0m   [0;1mSELECT * FROM "products" WHERE ("products"."id" = 4) [0m
Rendering template within layouts/store
Rendering store/add_to_cart
Completed in 74ms (View: 7, DB: 4) | 200 OK [http://localhost/store/add_to_cart/4]
